
7월 08, 2021 10:53:12.681 NEW SESSION
7월 08, 2021 10:53:12.681 [16148:6016:0708/105312.677:ERROR:device_event_log_impl.cc(214)] [10:53:12.677] USB: usb_device_handle_win.cc:1058 Failed to read descriptor from node connection: 시스템에 부착된 장치가 작동하지 않습니다. (0x1F)
7월 08, 2021 11:08:51.470 [16148:6016:0708/110851.469:ERROR:CONSOLE(1)] "No document", source: devtools://devtools/bundled/core/sdk/sdk.js (1)
7월 08, 2021 11:10:21.150 [16148:6016:0708/111021.150:ERROR:CONSOLE(1)] "No document", source: devtools://devtools/bundled/core/sdk/sdk.js (1)
7월 08, 2021 11:11:41.920 [16148:6016:0708/111141.919:ERROR:CONSOLE(1)] "No document", source: devtools://devtools/bundled/core/sdk/sdk.js (1)
7월 08, 2021 11:11:43.00 [16148:6016:0708/111142.999:ERROR:CONSOLE(1)] "No document", source: devtools://devtools/bundled/core/sdk/sdk.js (1)
7월 08, 2021 11:11:43.219 [16148:6016:0708/111143.219:ERROR:CONSOLE(1)] "No document", source: devtools://devtools/bundled/core/sdk/sdk.js (1)
7월 08, 2021 11:11:43.424 [16148:6016:0708/111143.424:ERROR:CONSOLE(1)] "No document", source: devtools://devtools/bundled/core/sdk/sdk.js (1)
7월 08, 2021 11:12:19.780 [16148:6016:0708/111219.780:ERROR:CONSOLE(1)] "No document", source: devtools://devtools/bundled/core/sdk/sdk.js (1)
7월 08, 2021 11:33:13.690 [16148:6016:0708/113313.690:ERROR:CONSOLE(1)] "No document", source: devtools://devtools/bundled/core/sdk/sdk.js (1)
7월 08, 2021 11:33:14.674 [16148:6016:0708/113314.673:ERROR:CONSOLE(1)] "No document", source: devtools://devtools/bundled/core/sdk/sdk.js (1)
7월 08, 2021 11:33:21.870 [16148:6016:0708/113321.870:ERROR:CONSOLE(1)] "No document", source: devtools://devtools/bundled/core/sdk/sdk.js (1)
7월 08, 2021 11:47:00.212 [8020:6000:0708/114700.212:ERROR:device_event_log_impl.cc(214)] [11:47:00.211] USB: usb_device_handle_win.cc:1058 Failed to read descriptor from node connection: 시스템에 부착된 장치가 작동하지 않습니다. (0x1F)
7월 08, 2021 11:51:59.291 [8020:6000:0708/115159.291:ERROR:CONSOLE(1)] "No document", source: devtools://devtools/bundled/core/sdk/sdk.js (1)
7월 08, 2021 11:51:59.884 [8020:6000:0708/115159.883:ERROR:CONSOLE(1)] "No document", source: devtools://devtools/bundled/core/sdk/sdk.js (1)
7월 08, 2021 11:52:01.748 [8020:6000:0708/115201.748:ERROR:CONSOLE(1)] "No document", source: devtools://devtools/bundled/core/sdk/sdk.js (1)
7월 08, 2021 11:52:14.367 [8020:6000:0708/115214.366:ERROR:CONSOLE(1)] "No document", source: devtools://devtools/bundled/core/sdk/sdk.js (1)
7월 08, 2021 11:52:45.482 [8020:6000:0708/115245.481:ERROR:CONSOLE(1)] "No document", source: devtools://devtools/bundled/core/sdk/sdk.js (1)
7월 08, 2021 11:52:45.946 [8020:6000:0708/115245.946:ERROR:CONSOLE(1)] "No document", source: devtools://devtools/bundled/core/sdk/sdk.js (1)
7월 08, 2021 11:53:18.577 [8020:6000:0708/115318.577:ERROR:CONSOLE(1)] "No document", source: devtools://devtools/bundled/core/sdk/sdk.js (1)
7월 08, 2021 11:53:19.199 [8020:6000:0708/115319.198:ERROR:CONSOLE(1)] "No document", source: devtools://devtools/bundled/core/sdk/sdk.js (1)
7월 08, 2021 11:53:47.254 [8020:6000:0708/115347.254:ERROR:CONSOLE(1)] "No document", source: devtools://devtools/bundled/core/sdk/sdk.js (1)
7월 08, 2021 11:53:48.591 [8020:6000:0708/115348.591:ERROR:CONSOLE(1)] "No document", source: devtools://devtools/bundled/core/sdk/sdk.js (1)
7월 08, 2021 11:54:16.978 [8020:6000:0708/115416.977:ERROR:CONSOLE(1)] "No document", source: devtools://devtools/bundled/core/sdk/sdk.js (1)
7월 08, 2021 11:54:40.40 [8020:6000:0708/115440.039:ERROR:CONSOLE(1)] "No document", source: devtools://devtools/bundled/core/sdk/sdk.js (1)
7월 08, 2021 11:54:40.612 [8020:6000:0708/115440.612:ERROR:CONSOLE(1)] "No document", source: devtools://devtools/bundled/core/sdk/sdk.js (1)
7월 08, 2021 11:54:41.13 [8020:6000:0708/115441.012:ERROR:CONSOLE(1)] "No document", source: devtools://devtools/bundled/core/sdk/sdk.js (1)
7월 08, 2021 11:54:41.282 [8020:6000:0708/115441.282:ERROR:CONSOLE(1)] "No document", source: devtools://devtools/bundled/core/sdk/sdk.js (1)
7월 08, 2021 11:54:41.536 [8020:6000:0708/115441.535:ERROR:CONSOLE(1)] "No document", source: devtools://devtools/bundled/core/sdk/sdk.js (1)
7월 08, 2021 11:54:41.749 [8020:6000:0708/115441.748:ERROR:CONSOLE(1)] "No document", source: devtools://devtools/bundled/core/sdk/sdk.js (1)
7월 08, 2021 11:54:41.967 [8020:6000:0708/115441.967:ERROR:CONSOLE(1)] "No document", source: devtools://devtools/bundled/core/sdk/sdk.js (1)
7월 08, 2021 11:54:46.31 [5264:13936:0708/115446.030:ERROR:device_event_log_impl.cc(214)] [11:54:46.030] USB: usb_device_handle_win.cc:1058 Failed to read descriptor from node connection: 시스템에 부착된 장치가 작동하지 않습니다. (0x1F)
7월 08, 2021 11:55:15.552 [14816:12884:0708/115515.552:ERROR:device_event_log_impl.cc(214)] [11:55:15.552] USB: usb_device_handle_win.cc:1058 Failed to read descriptor from node connection: 시스템에 부착된 장치가 작동하지 않습니다. (0x1F)
7월 08, 2021 12:12:48.475 [13572:14372:0708/121248.475:ERROR:device_event_log_impl.cc(214)] [12:12:48.475] USB: usb_device_handle_win.cc:1058 Failed to read descriptor from node connection: 시스템에 부착된 장치가 작동하지 않습니다. (0x1F)
7월 08, 2021 14:14:56.173 [9616:10712:0708/141456.173:ERROR:device_event_log_impl.cc(214)] [14:14:56.173] USB: usb_device_handle_win.cc:1058 Failed to read descriptor from node connection: 시스템에 부착된 장치가 작동하지 않습니다. (0x1F)
7월 08, 2021 14:29:43.681 [9616:10712:0708/142943.681:ERROR:CONSOLE(1)] "No document", source: devtools://devtools/bundled/core/sdk/sdk.js (1)

7월 09, 2021 12:24:33.158 NEW SESSION
7월 09, 2021 12:24:33.158 [8692:3620:0709/122433.156:ERROR:device_event_log_impl.cc(214)] [12:24:33.156] USB: usb_device_handle_win.cc:1058 Failed to read descriptor from node connection: 시스템에 부착된 장치가 작동하지 않습니다. (0x1F)
7월 09, 2021 14:30:38.397 [14980:13568:0709/143038.396:ERROR:device_event_log_impl.cc(214)] [14:30:38.396] USB: usb_device_handle_win.cc:1058 Failed to read descriptor from node connection: 시스템에 부착된 장치가 작동하지 않습니다. (0x1F)

7월 12, 2021 09:19:47.85 NEW SESSION
7월 12, 2021 09:19:47.85 [7408:7448:0712/091947.083:ERROR:device_event_log_impl.cc(214)] [09:19:47.083] USB: usb_device_handle_win.cc:1058 Failed to read descriptor from node connection: 시스템에 부착된 장치가 작동하지 않습니다. (0x1F)
7월 12, 2021 09:42:46.824 [5964:14332:0712/094246.823:ERROR:device_event_log_impl.cc(214)] [09:42:46.823] USB: usb_device_handle_win.cc:1058 Failed to read descriptor from node connection: 시스템에 부착된 장치가 작동하지 않습니다. (0x1F)
7월 12, 2021 09:51:27.995 [13580:3896:0712/095127.994:ERROR:device_event_log_impl.cc(214)] [09:51:27.994] USB: usb_device_handle_win.cc:1058 Failed to read descriptor from node connection: 시스템에 부착된 장치가 작동하지 않습니다. (0x1F)
7월 12, 2021 11:42:03.467 [6824:3840:0712/114203.466:ERROR:device_event_log_impl.cc(214)] [11:42:03.466] USB: usb_device_handle_win.cc:1058 Failed to read descriptor from node connection: 시스템에 부착된 장치가 작동하지 않습니다. (0x1F)
7월 12, 2021 11:52:31.116 [5848:7960:0712/115231.116:ERROR:device_event_log_impl.cc(214)] [11:52:31.116] USB: usb_device_handle_win.cc:1058 Failed to read descriptor from node connection: 시스템에 부착된 장치가 작동하지 않습니다. (0x1F)
7월 12, 2021 12:02:00.843 [4116:8436:0712/120200.843:ERROR:device_event_log_impl.cc(214)] [12:02:00.843] USB: usb_device_handle_win.cc:1058 Failed to read descriptor from node connection: 시스템에 부착된 장치가 작동하지 않습니다. (0x1F)
7월 13, 2021 09:31:18.13 [6828:5540:0713/093118.012:ERROR:device_event_log_impl.cc(214)] [09:31:18.012] USB: usb_device_handle_win.cc:1058 Failed to read descriptor from node connection: 시스템에 부착된 장치가 작동하지 않습니다. (0x1F)
7월 13, 2021 11:03:21.836 [2292:7780:0713/110321.835:ERROR:device_event_log_impl.cc(214)] [11:03:21.835] USB: usb_device_handle_win.cc:1058 Failed to read descriptor from node connection: 시스템에 부착된 장치가 작동하지 않습니다. (0x1F)
7월 13, 2021 12:11:48.357 [13380:11748:0713/121148.357:ERROR:device_event_log_impl.cc(214)] [12:11:48.357] USB: usb_device_handle_win.cc:1058 Failed to read descriptor from node connection: 시스템에 부착된 장치가 작동하지 않습니다. (0x1F)

7월 14, 2021 09:32:49.382 NEW SESSION
7월 14, 2021 09:32:49.382 [6484:13428:0714/093249.378:ERROR:device_event_log_impl.cc(214)] [09:32:49.378] USB: usb_device_handle_win.cc:1058 Failed to read descriptor from node connection: 시스템에 부착된 장치가 작동하지 않습니다. (0x1F)
7월 14, 2021 09:37:03.956 [9076:13100:0714/093703.956:ERROR:device_event_log_impl.cc(214)] [09:37:03.955] USB: usb_device_handle_win.cc:1058 Failed to read descriptor from node connection: 시스템에 부착된 장치가 작동하지 않습니다. (0x1F)
7월 14, 2021 09:55:58.781 [7416:13244:0714/095558.780:ERROR:device_event_log_impl.cc(214)] [09:55:58.779] USB: usb_device_handle_win.cc:1058 Failed to read descriptor from node connection: 시스템에 부착된 장치가 작동하지 않습니다. (0x1F)
7월 14, 2021 10:13:29.952 [7416:13244:0714/101329.952:ERROR:CONSOLE(1)] "No document", source: devtools://devtools/bundled/core/sdk/sdk.js (1)
7월 14, 2021 10:34:22.725 [7416:13244:0714/103422.724:ERROR:CONSOLE(1)] "No document", source: devtools://devtools/bundled/core/sdk/sdk.js (1)
7월 14, 2021 10:34:25.476 [7416:13244:0714/103425.476:ERROR:CONSOLE(1)] "No document", source: devtools://devtools/bundled/core/sdk/sdk.js (1)
7월 14, 2021 10:34:35.324 [7416:13244:0714/103435.324:ERROR:CONSOLE(1)] "No document", source: devtools://devtools/bundled/core/sdk/sdk.js (1)
7월 14, 2021 10:34:35.468 [7416:13244:0714/103435.468:ERROR:CONSOLE(1)] "No document", source: devtools://devtools/bundled/core/sdk/sdk.js (1)
7월 14, 2021 10:34:36.541 [7416:13244:0714/103436.541:ERROR:CONSOLE(1)] "No document", source: devtools://devtools/bundled/core/sdk/sdk.js (1)
7월 14, 2021 10:34:38.492 [7416:13244:0714/103438.492:ERROR:CONSOLE(1)] "No document", source: devtools://devtools/bundled/core/sdk/sdk.js (1)
7월 14, 2021 10:35:25.270 [7416:13244:0714/103525.269:ERROR:CONSOLE(1)] "No document", source: devtools://devtools/bundled/core/sdk/sdk.js (1)
7월 14, 2021 10:35:26.535 [7416:13244:0714/103526.535:ERROR:CONSOLE(1)] "No document", source: devtools://devtools/bundled/core/sdk/sdk.js (1)
7월 14, 2021 10:39:50.248 [7416:13244:0714/103950.248:ERROR:CONSOLE(1)] "No document", source: devtools://devtools/bundled/core/sdk/sdk.js (1)
7월 14, 2021 10:41:18.351 [7416:13244:0714/104118.351:ERROR:CONSOLE(1)] "No document", source: devtools://devtools/bundled/core/sdk/sdk.js (1)
7월 14, 2021 10:41:42.454 [7416:13244:0714/104142.453:ERROR:CONSOLE(1)] "No document", source: devtools://devtools/bundled/core/sdk/sdk.js (1)

7월 21, 2021 14:14:09.253 NEW SESSION
7월 21, 2021 14:14:09.253 [3928:2480:0721/141409.249:ERROR:device_event_log_impl.cc(214)] [14:14:09.249] USB: usb_device_handle_win.cc:1058 Failed to read descriptor from node connection: 시스템에 부착된 장치가 작동하지 않습니다. (0x1F)

7월 21, 2021 14:43:57.958 NEW SESSION
7월 21, 2021 14:43:57.959 [11724:3092:0721/144357.956:ERROR:device_event_log_impl.cc(214)] [14:43:57.956] USB: usb_device_handle_win.cc:1058 Failed to read descriptor from node connection: 시스템에 부착된 장치가 작동하지 않습니다. (0x1F)

7월 21, 2021 17:17:23.250 NEW SESSION
7월 21, 2021 17:17:23.251 [12536:4992:0721/171723.249:ERROR:device_event_log_impl.cc(214)] [17:17:23.249] USB: usb_device_handle_win.cc:1058 Failed to read descriptor from node connection: 시스템에 부착된 장치가 작동하지 않습니다. (0x1F)
7월 21, 2021 17:18:35.639 [12528:10424:0721/171835.638:ERROR:device_event_log_impl.cc(214)] [17:18:35.638] USB: usb_device_handle_win.cc:1058 Failed to read descriptor from node connection: 시스템에 부착된 장치가 작동하지 않습니다. (0x1F)

7월 22, 2021 09:55:43.986 NEW SESSION
7월 22, 2021 09:55:43.986 [7988:2244:0722/095543.983:ERROR:device_event_log_impl.cc(214)] [09:55:43.983] USB: usb_device_handle_win.cc:1058 Failed to read descriptor from node connection: 시스템에 부착된 장치가 작동하지 않습니다. (0x1F)
7월 22, 2021 09:55:43.988 [7988:2244:0722/095543.984:ERROR:device_event_log_impl.cc(214)] [09:55:43.984] USB: usb_device_handle_win.cc:1058 Failed to read descriptor from node connection: 시스템에 부착된 장치가 작동하지 않습니다. (0x1F)
7월 22, 2021 09:56:12.295 [10660:5668:0722/095612.294:ERROR:device_event_log_impl.cc(214)] [09:56:12.294] USB: usb_device_handle_win.cc:1058 Failed to read descriptor from node connection: 시스템에 부착된 장치가 작동하지 않습니다. (0x1F)

7월 30, 2021 16:01:12.901 NEW SESSION
7월 30, 2021 16:01:12.902 [11948:6428:0730/160112.898:ERROR:device_event_log_impl.cc(214)] [16:01:12.897] USB: usb_device_handle_win.cc:1048 Failed to read descriptor from node connection: 시스템에 부착된 장치가 작동하지 않습니다. (0x1F)
7월 30, 2021 16:11:24.182 [11176:11036:0730/161124.181:ERROR:device_event_log_impl.cc(214)] [16:11:24.181] USB: usb_device_handle_win.cc:1048 Failed to read descriptor from node connection: 시스템에 부착된 장치가 작동하지 않습니다. (0x1F)
7월 30, 2021 21:21:23.363 [11176:11036:0730/212123.362:ERROR:CONSOLE(1)] "Session is unregistering, can't dispatch pending call to DOM.getDocument", source: devtools://devtools/bundled/core/sdk/sdk.js (1)
7월 30, 2021 21:27:53.856 [2448:10600:0730/212753.855:ERROR:device_event_log_impl.cc(214)] [21:27:53.855] USB: usb_device_handle_win.cc:1048 Failed to read descriptor from node connection: 시스템에 부착된 장치가 작동하지 않습니다. (0x1F)
7월 30, 2021 21:29:12.717 [2448:10600:0730/212912.716:ERROR:CONSOLE(1)] "Session is unregistering, can't dispatch pending call to DOM.getDocument", source: devtools://devtools/bundled/core/sdk/sdk.js (1)
7월 30, 2021 21:30:05.714 [2448:10600:0730/213005.714:ERROR:CONSOLE(1)] "Session is unregistering, can't dispatch pending call to DOM.getDocument", source: devtools://devtools/bundled/core/sdk/sdk.js (1)
7월 30, 2021 21:34:47.44 [2448:10600:0730/213447.044:ERROR:CONSOLE(1)] "Session is unregistering, can't dispatch pending call to DOM.getDocument", source: devtools://devtools/bundled/core/sdk/sdk.js (1)
7월 30, 2021 21:34:51.176 [2448:10600:0730/213451.176:ERROR:CONSOLE(1)] "Session is unregistering, can't dispatch pending call to DOM.getDocument", source: devtools://devtools/bundled/core/sdk/sdk.js (1)
7월 30, 2021 21:35:26.733 [2448:10600:0730/213526.733:ERROR:CONSOLE(1)] "Session is unregistering, can't dispatch pending call to DOM.getDocument", source: devtools://devtools/bundled/core/sdk/sdk.js (1)
7월 30, 2021 21:36:08.891 [2448:10600:0730/213608.891:ERROR:CONSOLE(1)] "Session is unregistering, can't dispatch pending call to DOM.getDocument", source: devtools://devtools/bundled/core/sdk/sdk.js (1)
7월 30, 2021 21:36:11.86 [2448:10600:0730/213611.086:ERROR:CONSOLE(1)] "Session is unregistering, can't dispatch pending call to DOM.getDocument", source: devtools://devtools/bundled/core/sdk/sdk.js (1)
7월 30, 2021 21:36:23.379 [2448:10600:0730/213623.378:ERROR:CONSOLE(1)] "Session is unregistering, can't dispatch pending call to DOM.getDocument", source: devtools://devtools/bundled/core/sdk/sdk.js (1)
7월 30, 2021 21:36:30.196 [2448:10600:0730/213630.195:ERROR:CONSOLE(1)] "Session is unregistering, can't dispatch pending call to DOM.getDocument", source: devtools://devtools/bundled/core/sdk/sdk.js (1)
7월 30, 2021 21:36:32.17 [2448:10600:0730/213632.017:ERROR:CONSOLE(1)] "Session is unregistering, can't dispatch pending call to DOM.getDocument", source: devtools://devtools/bundled/core/sdk/sdk.js (1)
7월 30, 2021 21:37:23.775 [8168:10124:0730/213723.774:ERROR:device_event_log_impl.cc(214)] [21:37:23.773] USB: usb_device_handle_win.cc:1048 Failed to read descriptor from node connection: 시스템에 부착된 장치가 작동하지 않습니다. (0x1F)
7월 30, 2021 21:39:13.398 [8168:10124:0730/213913.397:ERROR:CONSOLE(1)] "Session is unregistering, can't dispatch pending call to DOM.getDocument", source: devtools://devtools/bundled/core/sdk/sdk.js (1)
7월 30, 2021 21:40:09.940 [8168:10124:0730/214009.940:ERROR:CONSOLE(1)] "Session is unregistering, can't dispatch pending call to DOM.getDocument", source: devtools://devtools/bundled/core/sdk/sdk.js (1)
7월 30, 2021 21:40:55.410 [8168:10124:0730/214055.410:ERROR:CONSOLE(1)] "Session is unregistering, can't dispatch pending call to DOM.getDocument", source: devtools://devtools/bundled/core/sdk/sdk.js (1)
7월 30, 2021 21:41:09.798 [8168:10124:0730/214109.797:ERROR:CONSOLE(1)] "Session is unregistering, can't dispatch pending call to DOM.getDocument", source: devtools://devtools/bundled/core/sdk/sdk.js (1)
7월 30, 2021 21:44:36.244 [8168:10124:0730/214436.243:ERROR:CONSOLE(1)] "Session is unregistering, can't dispatch pending call to DOM.getDocument", source: devtools://devtools/bundled/core/sdk/sdk.js (1)
7월 30, 2021 21:45:47.833 [8168:10124:0730/214547.832:ERROR:CONSOLE(1)] "Session is unregistering, can't dispatch pending call to DOM.getDocument", source: devtools://devtools/bundled/core/sdk/sdk.js (1)
7월 30, 2021 21:48:56.935 [8168:10124:0730/214856.934:ERROR:CONSOLE(1)] "Session is unregistering, can't dispatch pending call to DOM.getDocument", source: devtools://devtools/bundled/core/sdk/sdk.js (1)
7월 30, 2021 21:49:00.888 [8168:10124:0730/214900.887:ERROR:CONSOLE(1)] "Session is unregistering, can't dispatch pending call to DOM.getDocument", source: devtools://devtools/bundled/core/sdk/sdk.js (1)
7월 30, 2021 21:49:50.551 [8168:10124:0730/214950.550:ERROR:CONSOLE(1)] "Session is unregistering, can't dispatch pending call to DOM.getDocument", source: devtools://devtools/bundled/core/sdk/sdk.js (1)
7월 30, 2021 21:49:55.323 [8168:10124:0730/214955.323:ERROR:CONSOLE(1)] "Session is unregistering, can't dispatch pending call to DOM.getDocument", source: devtools://devtools/bundled/core/sdk/sdk.js (1)
7월 30, 2021 21:50:00.534 [8168:10124:0730/215000.533:ERROR:CONSOLE(1)] "Session is unregistering, can't dispatch pending call to DOM.getDocument", source: devtools://devtools/bundled/core/sdk/sdk.js (1)
7월 30, 2021 21:50:39.160 [8168:10124:0730/215039.159:ERROR:CONSOLE(1)] "Session is unregistering, can't dispatch pending call to DOM.getDocument", source: devtools://devtools/bundled/core/sdk/sdk.js (1)
7월 30, 2021 21:50:40.978 [8168:10124:0730/215040.977:ERROR:CONSOLE(1)] "Session is unregistering, can't dispatch pending call to DOM.getDocument", source: devtools://devtools/bundled/core/sdk/sdk.js (1)
7월 30, 2021 21:50:41.600 [8168:10124:0730/215041.600:ERROR:CONSOLE(1)] "Session is unregistering, can't dispatch pending call to DOM.getDocument", source: devtools://devtools/bundled/core/sdk/sdk.js (1)
7월 30, 2021 21:50:52.544 [8168:10124:0730/215052.533:ERROR:CONSOLE(1)] "Session is unregistering, can't dispatch pending call to DOM.getDocument", source: devtools://devtools/bundled/core/sdk/sdk.js (1)
7월 30, 2021 21:57:33.608 [8168:10124:0730/215733.607:ERROR:CONSOLE(1)] "Session is unregistering, can't dispatch pending call to DOM.getDocument", source: devtools://devtools/bundled/core/sdk/sdk.js (1)

7월 31, 2021 14:37:12.411 NEW SESSION
7월 31, 2021 14:37:12.411 [6964:14816:0731/143712.408:ERROR:device_event_log_impl.cc(214)] [14:37:12.409] USB: usb_device_handle_win.cc:1048 Failed to read descriptor from node connection: 시스템에 부착된 장치가 작동하지 않습니다. (0x1F)
7월 31, 2021 18:00:32.325 [13544:10664:0731/180032.324:ERROR:device_event_log_impl.cc(214)] [18:00:32.324] USB: usb_device_handle_win.cc:1048 Failed to read descriptor from node connection: 시스템에 부착된 장치가 작동하지 않습니다. (0x1F)
7월 31, 2021 18:00:42.740 [13544:10664:0731/180042.739:ERROR:CONSOLE(1)] "Request Runtime.evaluate failed. {"code":-32602,"message":"uniqueContextId not found"}", source: devtools://devtools/bundled/core/protocol_client/protocol_client.js (1)
7월 31, 2021 18:00:42.741 [13544:10664:0731/180042.741:ERROR:CONSOLE(1)] "uniqueContextId not found", source: devtools://devtools/bundled/core/sdk/sdk.js (1)
7월 31, 2021 18:00:42.743 [13544:10664:0731/180042.742:ERROR:CONSOLE(1)] "Extension server error: Inspector protocol error: uniqueContextId not found", source: devtools://devtools/bundled/models/extensions/extensions.js (1)
7월 31, 2021 18:00:42.858 [13544:10664:0731/180042.858:ERROR:CONSOLE(1)] "Session is unregistering, can't dispatch pending call to DOM.getDocument", source: devtools://devtools/bundled/core/sdk/sdk.js (1)
7월 31, 2021 18:00:58.846 [13544:10664:0731/180058.846:ERROR:CONSOLE(1)] "Session is unregistering, can't dispatch pending call to DOM.getDocument", source: devtools://devtools/bundled/core/sdk/sdk.js (1)
7월 31, 2021 18:09:16.220 [13544:10664:0731/180916.219:ERROR:CONSOLE(1)] "Session is unregistering, can't dispatch pending call to DOM.getDocument", source: devtools://devtools/bundled/core/sdk/sdk.js (1)
7월 31, 2021 18:20:52.67 [13544:10664:0731/182052.067:ERROR:CONSOLE(1)] "Session is unregistering, can't dispatch pending call to DOM.getDocument", source: devtools://devtools/bundled/core/sdk/sdk.js (1)
7월 31, 2021 18:20:54.922 [13544:10664:0731/182054.922:ERROR:CONSOLE(1)] "Session is unregistering, can't dispatch pending call to DOM.getDocument", source: devtools://devtools/bundled/core/sdk/sdk.js (1)
7월 31, 2021 18:20:58.916 [13544:10664:0731/182058.915:ERROR:CONSOLE(1)] "Session is unregistering, can't dispatch pending call to DOM.getDocument", source: devtools://devtools/bundled/core/sdk/sdk.js (1)
7월 31, 2021 19:01:55.290 [13544:10664:0731/190155.290:ERROR:CONSOLE(1)] "Session is unregistering, can't dispatch pending call to DOM.getDocument", source: devtools://devtools/bundled/core/sdk/sdk.js (1)
7월 31, 2021 19:04:47.502 [13544:10664:0731/190447.501:ERROR:CONSOLE(1)] "Session is unregistering, can't dispatch pending call to DOM.getDocument", source: devtools://devtools/bundled/core/sdk/sdk.js (1)
7월 31, 2021 19:10:13.681 [13544:10664:0731/191013.680:ERROR:CONSOLE(1)] "Session is unregistering, can't dispatch pending call to DOM.getDocument", source: devtools://devtools/bundled/core/sdk/sdk.js (1)
7월 31, 2021 19:11:08.816 [13544:10664:0731/191108.815:ERROR:CONSOLE(1)] "Session is unregistering, can't dispatch pending call to DOM.getDocument", source: devtools://devtools/bundled/core/sdk/sdk.js (1)
7월 31, 2021 19:12:31.941 [13544:10664:0731/191231.940:ERROR:CONSOLE(1)] "Session is unregistering, can't dispatch pending call to DOM.getDocument", source: devtools://devtools/bundled/core/sdk/sdk.js (1)
7월 31, 2021 19:12:44.450 [13544:10664:0731/191244.449:ERROR:CONSOLE(1)] "Session is unregistering, can't dispatch pending call to DOM.getDocument", source: devtools://devtools/bundled/core/sdk/sdk.js (1)
7월 31, 2021 20:41:32.340 [13544:10664:0731/204132.339:ERROR:CONSOLE(1)] "Session is unregistering, can't dispatch pending call to DOM.getDocument", source: devtools://devtools/bundled/core/sdk/sdk.js (1)
7월 31, 2021 20:41:46.472 [13544:10664:0731/204146.472:ERROR:CONSOLE(1)] "Session is unregistering, can't dispatch pending call to DOM.getDocument", source: devtools://devtools/bundled/core/sdk/sdk.js (1)
7월 31, 2021 20:42:42.959 [13544:10664:0731/204242.958:ERROR:CONSOLE(1)] "Session is unregistering, can't dispatch pending call to DOM.getDocument", source: devtools://devtools/bundled/core/sdk/sdk.js (1)
7월 31, 2021 20:43:07.914 [13544:10664:0731/204307.914:ERROR:CONSOLE(1)] "Session is unregistering, can't dispatch pending call to DOM.getDocument", source: devtools://devtools/bundled/core/sdk/sdk.js (1)
7월 31, 2021 20:43:08.892 [13544:10664:0731/204308.892:ERROR:CONSOLE(1)] "Session is unregistering, can't dispatch pending call to DOM.getDocument", source: devtools://devtools/bundled/core/sdk/sdk.js (1)
7월 31, 2021 20:44:01.572 [13544:10664:0731/204401.571:ERROR:CONSOLE(1)] "Session is unregistering, can't dispatch pending call to DOM.getDocument", source: devtools://devtools/bundled/core/sdk/sdk.js (1)
7월 31, 2021 20:44:02.673 [13544:10664:0731/204402.672:ERROR:CONSOLE(1)] "Session is unregistering, can't dispatch pending call to DOM.getDocument", source: devtools://devtools/bundled/core/sdk/sdk.js (1)
7월 31, 2021 20:44:03.202 [13544:10664:0731/204403.201:ERROR:CONSOLE(1)] "Session is unregistering, can't dispatch pending call to DOM.getDocument", source: devtools://devtools/bundled/core/sdk/sdk.js (1)
7월 31, 2021 20:44:17.227 [13544:10664:0731/204417.226:ERROR:CONSOLE(1)] "Session is unregistering, can't dispatch pending call to DOM.getDocument", source: devtools://devtools/bundled/core/sdk/sdk.js (1)
7월 31, 2021 20:44:17.874 [13544:10664:0731/204417.873:ERROR:CONSOLE(1)] "Session is unregistering, can't dispatch pending call to DOM.getDocument", source: devtools://devtools/bundled/core/sdk/sdk.js (1)
7월 31, 2021 20:44:25.885 [13544:10664:0731/204425.885:ERROR:CONSOLE(1)] "Session is unregistering, can't dispatch pending call to DOM.getDocument", source: devtools://devtools/bundled/core/sdk/sdk.js (1)
7월 31, 2021 20:44:26.13 [13544:10664:0731/204426.012:ERROR:CONSOLE(1)] "Session is unregistering, can't dispatch pending call to DOM.getDocument", source: devtools://devtools/bundled/core/sdk/sdk.js (1)
7월 31, 2021 20:44:33.861 [13544:10664:0731/204433.861:ERROR:CONSOLE(1)] "Session is unregistering, can't dispatch pending call to DOM.getDocument", source: devtools://devtools/bundled/core/sdk/sdk.js (1)
7월 31, 2021 20:44:34.575 [13544:10664:0731/204434.575:ERROR:CONSOLE(1)] "Session is unregistering, can't dispatch pending call to DOM.getDocument", source: devtools://devtools/bundled/core/sdk/sdk.js (1)
7월 31, 2021 20:44:34.724 [13544:10664:0731/204434.723:ERROR:CONSOLE(1)] "Session is unregistering, can't dispatch pending call to DOM.getDocument", source: devtools://devtools/bundled/core/sdk/sdk.js (1)
7월 31, 2021 20:47:31.463 [13544:10664:0731/204731.462:ERROR:CONSOLE(1)] "Session is unregistering, can't dispatch pending call to DOM.getDocument", source: devtools://devtools/bundled/core/sdk/sdk.js (1)
7월 31, 2021 20:48:50.465 [13544:10664:0731/204850.464:ERROR:CONSOLE(1)] "Session is unregistering, can't dispatch pending call to DOM.getDocument", source: devtools://devtools/bundled/core/sdk/sdk.js (1)
7월 31, 2021 20:49:01.702 [13544:10664:0731/204901.702:ERROR:CONSOLE(1)] "Session is unregistering, can't dispatch pending call to DOM.getDocument", source: devtools://devtools/bundled/core/sdk/sdk.js (1)
7월 31, 2021 20:49:08.496 [13544:10664:0731/204908.496:ERROR:CONSOLE(1)] "Session is unregistering, can't dispatch pending call to DOM.getDocument", source: devtools://devtools/bundled/core/sdk/sdk.js (1)
7월 31, 2021 20:49:14.521 [13544:10664:0731/204914.521:ERROR:CONSOLE(1)] "Session is unregistering, can't dispatch pending call to DOM.getDocument", source: devtools://devtools/bundled/core/sdk/sdk.js (1)
7월 31, 2021 20:50:26.519 [13544:10664:0731/205026.518:ERROR:CONSOLE(1)] "Session is unregistering, can't dispatch pending call to DOM.getDocument", source: devtools://devtools/bundled/core/sdk/sdk.js (1)
7월 31, 2021 20:51:00.73 [13544:10664:0731/205100.072:ERROR:CONSOLE(1)] "Session is unregistering, can't dispatch pending call to DOM.getDocument", source: devtools://devtools/bundled/core/sdk/sdk.js (1)
7월 31, 2021 20:51:02.377 [13544:10664:0731/205102.376:ERROR:CONSOLE(1)] "Session is unregistering, can't dispatch pending call to DOM.getDocument", source: devtools://devtools/bundled/core/sdk/sdk.js (1)
7월 31, 2021 20:51:44.249 [13544:10664:0731/205144.249:ERROR:CONSOLE(1)] "Session is unregistering, can't dispatch pending call to DOM.getDocument", source: devtools://devtools/bundled/core/sdk/sdk.js (1)
7월 31, 2021 20:51:46.824 [13544:10664:0731/205146.823:ERROR:CONSOLE(1)] "Session is unregistering, can't dispatch pending call to DOM.getDocument", source: devtools://devtools/bundled/core/sdk/sdk.js (1)
7월 31, 2021 20:51:48.692 [13544:10664:0731/205148.692:ERROR:CONSOLE(1)] "Session is unregistering, can't dispatch pending call to DOM.getDocument", source: devtools://devtools/bundled/core/sdk/sdk.js (1)
7월 31, 2021 20:51:49.676 [13544:10664:0731/205149.676:ERROR:CONSOLE(1)] "Session is unregistering, can't dispatch pending call to DOM.getDocument", source: devtools://devtools/bundled/core/sdk/sdk.js (1)
7월 31, 2021 20:52:00.242 [13544:10664:0731/205200.242:ERROR:CONSOLE(1)] "Session is unregistering, can't dispatch pending call to DOM.getDocument", source: devtools://devtools/bundled/core/sdk/sdk.js (1)

8월 02, 2021 10:23:37.63 NEW SESSION
8월 02, 2021 10:23:37.64 [15204:10748:0802/102337.044:ERROR:device_event_log_impl.cc(214)] [10:23:37.044] USB: usb_device_handle_win.cc:1048 Failed to read descriptor from node connection: 시스템에 부착된 장치가 작동하지 않습니다. (0x1F)
8월 02, 2021 10:28:44.474 [4280:15240:0802/102844.473:ERROR:device_event_log_impl.cc(214)] [10:28:44.473] USB: usb_device_handle_win.cc:1048 Failed to read descriptor from node connection: 시스템에 부착된 장치가 작동하지 않습니다. (0x1F)
8월 02, 2021 10:29:50.612 [9892:11036:0802/102950.611:ERROR:device_event_log_impl.cc(214)] [10:29:50.611] USB: usb_device_handle_win.cc:1048 Failed to read descriptor from node connection: 시스템에 부착된 장치가 작동하지 않습니다. (0x1F)
8월 02, 2021 10:30:45.132 [3224:12560:0802/103045.132:ERROR:device_event_log_impl.cc(214)] [10:30:45.132] USB: usb_device_handle_win.cc:1048 Failed to read descriptor from node connection: 시스템에 부착된 장치가 작동하지 않습니다. (0x1F)
